<?xml version="1.0" encoding="UTF-8"?>
<!-- Generated by org.testng.reporters.JUnitReportReporter -->
<testsuite hostname="WL306232" name="com.southwest.scripts.BusinessActions" tests="2" failures="0" timestamp="4 May 2015 09:50:54 GMT" time="132.940" errors="0">
  <testcase name="Search_Hotel" time="52.852" classname="com.southwest.scripts.BusinessActions"/>
  <testcase name="SearchFlights" time="80.088" classname="com.southwest.scripts.BusinessActions"/>
</testsuite> <!-- com.southwest.scripts.BusinessActions -->
