<?xml version="1.0" encoding="UTF-8"?>
<!-- Generated by org.testng.reporters.JUnitReportReporter -->
<testsuite hostname="WL306232" name="com.southwest.suitebase.MyTest" tests="1" failures="0" timestamp="26 May 2015 18:20:15 GMT" time="138.096" errors="0">
  <testcase name="my_method" time="138.096" classname="com.southwest.suitebase.MyTest"/>
</testsuite> <!-- com.southwest.suitebase.MyTest -->
